
CONNECTION ACQUIRED
connection acquired at: 2023-11-27 22:08:13
CONNECTION ACQUIRED
connection acquired at: 2023-11-27 22:09:48
disconnected at: 2023-11-27 22:10:07
connected again: 2023-11-27 22:10:12
connection was unavailable for: 0:00:04
disconnected at: 2023-11-27 22:10:47
connected again: 2023-11-27 22:10:49
connection was unavailable for: 0:00:02
disconnected at: 2023-11-27 22:12:42

CONNECTION ACQUIRED
connection acquired at: 2023-11-27 22:16:31
disconnected at: 2023-11-27 22:16:36
connected again: 2023-11-27 22:20:24
connection was unavailable for: 0:03:47
disconnected at: 2023-11-27 22:31:01
connected again: 2023-11-27 22:31:02
connection was unavailable for: 0:00:00
disconnected at: 2023-11-27 22:31:11
connected again: 2023-11-27 22:31:17
connection was unavailable for: 0:00:05
disconnected at: 2023-11-27 22:31:25
connected again: 2023-11-27 22:31:35
connection was unavailable for: 0:00:09
disconnected at: 2023-11-27 22:31:43
connected again: 2023-11-27 22:31:53
connection was unavailable for: 0:00:09
disconnected at: 2023-11-27 22:33:03
connected again: 2023-11-27 22:33:11
connection was unavailable for: 0:00:08
disconnected at: 2023-11-27 22:34:48
connected again: 2023-11-27 22:34:50
connection was unavailable for: 0:00:01
disconnected at: 2023-11-27 22:37:57
connected again: 2023-11-27 22:38:03
connection was unavailable for: 0:00:05
disconnected at: 2023-11-27 22:38:12
connected again: 2023-11-27 22:38:14
connection was unavailable for: 0:00:01
disconnected at: 2023-11-27 22:39:19
connected again: 2023-11-27 22:39:26
connection was unavailable for: 0:00:06
disconnected at: 2023-11-27 22:39:29
connected again: 2023-11-27 22:39:43
connection was unavailable for: 0:00:14
disconnected at: 2023-11-27 22:39:46
connected again: 2023-11-27 22:40:13
connection was unavailable for: 0:00:26
disconnected at: 2023-11-27 22:40:22
connected again: 2023-11-27 22:40:31
connection was unavailable for: 0:00:09
disconnected at: 2023-11-27 22:40:35
connected again: 2023-11-27 22:40:49
connection was unavailable for: 0:00:14
disconnected at: 2023-11-27 22:40:58
connected again: 2023-11-27 22:41:01
connection was unavailable for: 0:00:03
disconnected at: 2023-11-27 22:41:04
connected again: 2023-11-27 22:41:31
connection was unavailable for: 0:00:26
disconnected at: 2023-11-27 22:41:34
connected again: 2023-11-27 22:41:44
connection was unavailable for: 0:00:10
disconnected at: 2023-11-27 22:42:32
connected again: 2023-11-27 22:43:03
connection was unavailable for: 0:00:30
disconnected at: 2023-11-27 22:43:14
connected again: 2023-11-27 22:43:29
connection was unavailable for: 0:00:14
disconnected at: 2023-11-27 22:43:39
connected again: 2023-11-27 22:43:45
connection was unavailable for: 0:00:05
disconnected at: 2023-11-27 22:44:09
connected again: 2023-11-27 22:44:27
connection was unavailable for: 0:00:18
disconnected at: 2023-11-27 22:44:30
connected again: 2023-11-27 22:45:23
connection was unavailable for: 0:00:52
disconnected at: 2023-11-27 22:45:33
connected again: 2023-11-27 22:45:48
connection was unavailable for: 0:00:14
disconnected at: 2023-11-27 22:45:52
connected again: 2023-11-27 22:46:19
connection was unavailable for: 0:00:26
disconnected at: 2023-11-27 22:47:22
connected again: 2023-11-27 22:47:35
connection was unavailable for: 0:00:13
disconnected at: 2023-11-27 22:48:44
connected again: 2023-11-27 22:55:24
connection was unavailable for: 0:06:39
disconnected at: 2023-11-27 23:01:26
connected again: 2023-11-27 23:01:40
connection was unavailable for: 0:00:14
disconnected at: 2023-11-27 23:01:58
connected again: 2023-11-27 23:02:01
connection was unavailable for: 0:00:02
disconnected at: 2023-11-27 23:03:15
connected again: 2023-11-27 23:03:18
connection was unavailable for: 0:00:02
disconnected at: 2023-11-27 23:03:41
connected again: 2023-11-27 23:03:44
connection was unavailable for: 0:00:02
disconnected at: 2023-11-27 23:04:01
connected again: 2023-11-27 23:04:04
connection was unavailable for: 0:00:02
disconnected at: 2023-11-27 23:04:34
connected again: 2023-11-27 23:04:37
connection was unavailable for: 0:00:02
disconnected at: 2023-11-27 23:13:22
connected again: 2023-11-27 23:13:24
connection was unavailable for: 0:00:01
disconnected at: 2023-11-27 23:18:37
connected again: 2023-11-27 23:18:43
connection was unavailable for: 0:00:05
disconnected at: 2023-11-27 23:19:18
connected again: 2023-11-27 23:19:44
connection was unavailable for: 0:00:26
disconnected at: 2023-11-27 23:19:47
connected again: 2023-11-27 23:20:09
connection was unavailable for: 0:00:21
disconnected at: 2023-11-27 23:20:53
connected again: 2023-11-27 23:21:07
connection was unavailable for: 0:00:14
disconnected at: 2023-11-27 23:21:10
connected again: 2023-11-27 23:21:12
connection was unavailable for: 0:00:02
disconnected at: 2023-11-27 23:21:36
connected again: 2023-11-27 23:21:39
connection was unavailable for: 0:00:02
disconnected at: 2023-11-27 23:21:50
connected again: 2023-11-27 23:21:56
connection was unavailable for: 0:00:06
disconnected at: 2023-11-27 23:22:06
connected again: 2023-11-27 23:22:08
connection was unavailable for: 0:00:02

CONNECTION ACQUIRED
connection acquired at: 2023-11-28 21:33:11
disconnected at: 2023-11-28 21:33:35
connected again: 2023-11-28 21:33:36
connection was unavailable for: 0:00:01
disconnected at: 2023-11-28 21:33:55
connected again: 2023-11-28 21:35:34
connection was unavailable for: 0:01:39
disconnected at: 2023-11-28 21:35:43
connected again: 2023-11-28 21:35:56
connection was unavailable for: 0:00:12
disconnected at: 2023-11-28 21:36:05
connected again: 2023-11-28 21:36:10
connection was unavailable for: 0:00:04
disconnected at: 2023-11-28 21:36:47
connected again: 2023-11-28 21:37:13
connection was unavailable for: 0:00:26
disconnected at: 2023-11-28 21:37:23
connected again: 2023-11-28 21:37:33
connection was unavailable for: 0:00:09
disconnected at: 2023-11-28 21:37:41
connected again: 2023-11-28 21:38:08
connection was unavailable for: 0:00:26
disconnected at: 2023-11-28 21:38:17
connected again: 2023-11-28 21:38:27
connection was unavailable for: 0:00:09
disconnected at: 2023-11-28 21:38:30
connected again: 2023-11-28 21:38:45
connection was unavailable for: 0:00:14
